# JRE version: OpenJDK Runtime Environment Temurin-17.0.14+7 (17.0.14+7) (build 17.0.14+7)
# Java VM: OpenJDK 64-Bit Server VM Temurin-17.0.14+7 (17.0.14+7, mixed mode, tiered, compressed oops, compressed class ptrs, g1 gc, windows-amd64)
GC Precious Log:
 CPUs: 8 total, 8 available
 Memory: 16269M
 Large Page Support: Disabled
 NUMA Support: Disabled
 Compressed Oops: Enabled (32-bit)
 Heap Region Size: 1M
 Heap Min Capacity: 8M
 Heap Initial Capacity: 256M
 Heap Max Capacity: 2G
 Pre-touch: Disabled
 Parallel Workers: 8
 Concurrent Workers: 2
 Concurrent Refinement Workers: 8
 Periodic GC: Disabled
Heap:
 garbage-first heap   total 107520K, used 65024K [0x0000000080000000, 0x0000000100000000)
  region size 1024K, 26 young (26624K), 2 survivors (2048K)
 Metaspace       used 53407K, committed 54016K, reserved 1114112K
  class space    used 6067K, committed 6336K, reserved 1048576K
GC Heap History (20 events):
Event: 1.826 GC heap before
{Heap before GC invocations=3 (full 0):
 garbage-first heap   total 262144K, used 34345K [0x0000000080000000, 0x0000000100000000)
  region size 1024K, 18 young (18432K), 6 survivors (6144K)
 Metaspace       used 21238K, committed 21504K, reserved 1114112K
  class space    used 2196K, committed 2304K, reserved 1048576K
}
Event: 1.829 GC heap after
{Heap after GC invocations=4 (full 0):
 garbage-first heap   total 262144K, used 24523K [0x0000000080000000, 0x0000000100000000)
  region size 1024K, 7 young (7168K), 7 survivors (7168K)
 Metaspace       used 21238K, committed 21504K, reserved 1114112K
  class space    used 2196K, committed 2304K, reserved 1048576K
}
Event: 2.088 GC heap before
{Heap before GC invocations=5 (full 0):
 garbage-first heap   total 89088K, used 68555K [0x0000000080000000, 0x0000000100000000)
  region size 1024K, 51 young (52224K), 7 survivors (7168K)
 Metaspace       used 22122K, committed 22400K, reserved 1114112K
  class space    used 2312K, committed 2432K, reserved 1048576K
}
Event: 2.094 GC heap after
{Heap after GC invocations=6 (full 0):
 garbage-first heap   total 89088K, used 25410K [0x0000000080000000, 0x0000000100000000)
  region size 1024K, 8 young (8192K), 8 survivors (8192K)
 Metaspace       used 22122K, committed 22400K, reserved 1114112K
  class space    used 2312K, committed 2432K, reserved 1048576K
}
Event: 2.655 GC heap before
{Heap before GC invocations=6 (full 0):
 garbage-first heap   total 89088K, used 61250K [0x0000000080000000, 0x0000000100000000)
  region size 1024K, 43 young (44032K), 8 survivors (8192K)
 Metaspace       used 26669K, committed 27008K, reserved 1114112K
  class space    used 2796K, committed 2944K, reserved 1048576K
}
Event: 2.666 GC heap after
{Heap after GC invocations=7 (full 0):
 garbage-first heap   total 89088K, used 28701K [0x0000000080000000, 0x0000000100000000)
  region size 1024K, 5 young (5120K), 5 survivors (5120K)
 Metaspace       used 26669K, committed 27008K, reserved 1114112K
  class space    used 2796K, committed 2944K, reserved 1048576K
}
Event: 2.981 GC heap before
{Heap before GC invocations=7 (full 0):
 garbage-first heap   total 89088K, used 66589K [0x0000000080000000, 0x0000000100000000)
  region size 1024K, 39 young (39936K), 5 survivors (5120K)
 Metaspace       used 29644K, committed 30016K, reserved 1114112K
  class space    used 3044K, committed 3200K, reserved 1048576K
}
Event: 2.987 GC heap after
{Heap after GC invocations=8 (full 0):
 garbage-first heap   total 89088K, used 29612K [0x0000000080000000, 0x0000000100000000)
  region size 1024K, 1 young (1024K), 1 survivors (1024K)
 Metaspace       used 29644K, committed 30016K, reserved 1114112K
  class space    used 3044K, committed 3200K, reserved 1048576K
}
Event: 3.112 GC heap before
{Heap before GC invocations=8 (full 0):
 garbage-first heap   total 89088K, used 66476K [0x0000000080000000, 0x0000000100000000)
  region size 1024K, 37 young (37888K), 1 survivors (1024K)
 Metaspace       used 30183K, committed 30528K, reserved 1114112K
  class space    used 3119K, committed 3264K, reserved 1048576K
}
Event: 3.115 GC heap after
{Heap after GC invocations=9 (full 0):
 garbage-first heap   total 107520K, used 30170K [0x0000000080000000, 0x0000000100000000)
  region size 1024K, 2 young (2048K), 2 survivors (2048K)
 Metaspace       used 30183K, committed 30528K, reserved 1114112K
  class space    used 3119K, committed 3264K, reserved 1048576K
}
Event: 3.611 GC heap before
{Heap before GC invocations=9 (full 0):
 garbage-first heap   total 107520K, used 82394K [0x0000000080000000, 0x0000000100000000)
  region size 1024K, 53 young (54272K), 2 survivors (2048K)
 Metaspace       used 33776K, committed 34240K, reserved 1114112K
  class space    used 3519K, committed 3712K, reserved 1048576K
}
Event: 3.616 GC heap after
{Heap after GC invocations=10 (full 0):
 garbage-first heap   total 107520K, used 31954K [0x0000000080000000, 0x0000000100000000)
  region size 1024K, 4 young (4096K), 4 survivors (4096K)
 Metaspace       used 33776K, committed 34240K, reserved 1114112K
  class space    used 3519K, committed 3712K, reserved 1048576K
}
Event: 3.871 GC heap before
{Heap before GC invocations=10 (full 0):
 garbage-first heap   total 107520K, used 84178K [0x0000000080000000, 0x0000000100000000)
  region size 1024K, 55 young (56320K), 4 survivors (4096K)
 Metaspace       used 34356K, committed 34816K, reserved 1114112K
  class space    used 3578K, committed 3776K, reserved 1048576K
}
Event: 3.879 GC heap after
{Heap after GC invocations=11 (full 0):
 garbage-first heap   total 107520K, used 35275K [0x0000000080000000, 0x0000000100000000)
  region size 1024K, 7 young (7168K), 7 survivors (7168K)
 Metaspace       used 34356K, committed 34816K, reserved 1114112K
  class space    used 3578K, committed 3776K, reserved 1048576K
}
Event: 4.076 GC heap before
{Heap before GC invocations=11 (full 0):
 garbage-first heap   total 107520K, used 47563K [0x0000000080000000, 0x0000000100000000)
  region size 1024K, 20 young (20480K), 7 survivors (7168K)
 Metaspace       used 35534K, committed 35968K, reserved 1114112K
  class space    used 3751K, committed 3968K, reserved 1048576K
}
Event: 4.085 GC heap after
{Heap after GC invocations=12 (full 0):
 garbage-first heap   total 107520K, used 35870K [0x0000000080000000, 0x0000000100000000)
  region size 1024K, 4 young (4096K), 4 survivors (4096K)
 Metaspace       used 35534K, committed 35968K, reserved 1114112K
  class space    used 3751K, committed 3968K, reserved 1048576K
}
Event: 12.252 GC heap before
{Heap before GC invocations=13 (full 0):
 garbage-first heap   total 107520K, used 83998K [0x0000000080000000, 0x0000000100000000)
  region size 1024K, 51 young (52224K), 4 survivors (4096K)
 Metaspace       used 45454K, committed 46080K, reserved 1114112K
  class space    used 4971K, committed 5248K, reserved 1048576K
}
Event: 12.257 GC heap after
{Heap after GC invocations=14 (full 0):
 garbage-first heap   total 107520K, used 39869K [0x0000000080000000, 0x0000000100000000)
  region size 1024K, 5 young (5120K), 5 survivors (5120K)
 Metaspace       used 45454K, committed 46080K, reserved 1114112K
  class space    used 4971K, committed 5248K, reserved 1048576K
}
Event: 17.561 GC heap before
{Heap before GC invocations=14 (full 0):
 garbage-first heap   total 107520K, used 83901K [0x0000000080000000, 0x0000000100000000)
  region size 1024K, 48 young (49152K), 5 survivors (5120K)
 Metaspace       used 51622K, committed 52224K, reserved 1114112K
  class space    used 5828K, committed 6080K, reserved 1048576K
}
Event: 17.566 GC heap after
{Heap after GC invocations=15 (full 0):
 garbage-first heap   total 107520K, used 41472K [0x0000000080000000, 0x0000000100000000)
  region size 1024K, 2 young (2048K), 2 survivors (2048K)
 Metaspace       used 51622K, committed 52224K, reserved 1114112K
  class space    used 5828K, committed 6080K, reserved 1048576K
}

